Removed @azure/arm-links@dev because of docs package validation failure on 2021-07-21 22:34 +00:00
	npm ERR! code ETARGET
	npm ERR! notarget No matching version found for @azure/arm-links@dev.
	npm ERR! notarget In most cases you or one of your dependencies are requesting
	npm ERR! notarget a package version that doesn't exist.
	System.Management.Automation.RemoteException
	npm ERR! A complete log of this run can be found in:
	npm ERR!     C:\Users\VssAdministrator\AppData\Roaming\npm-cache\_logs\2021-07-21T22_33_29_549Z-debug.log
Removed @azure/arm-locks@dev because of docs package validation failure on 2021-07-21 22:34 +00:00
	npm ERR! code ETARGET
	npm ERR! notarget No matching version found for @azure/arm-locks@dev.
	npm ERR! notarget In most cases you or one of your dependencies are requesting
	npm ERR! notarget a package version that doesn't exist.
	System.Management.Automation.RemoteException
	npm ERR! A complete log of this run can be found in:
	npm ERR!     C:\Users\VssAdministrator\AppData\Roaming\npm-cache\_logs\2021-07-21T22_33_32_356Z-debug.log
Removed @azure/arm-storage@dev because of docs package validation failure on 2021-07-21 22:34 +00:00
	npm ERR! code ETARGET
	npm ERR! notarget No matching version found for @azure/arm-storage@dev.
	npm ERR! notarget In most cases you or one of your dependencies are requesting
	npm ERR! notarget a package version that doesn't exist.
	System.Management.Automation.RemoteException
	npm ERR! A complete log of this run can be found in:
	npm ERR!     C:\Users\VssAdministrator\AppData\Roaming\npm-cache\_logs\2021-07-21T22_33_33_735Z-debug.log
Removed @azure/arm-policy@dev because of docs package validation failure on 2021-07-21 22:34 +00:00
	npm ERR! code ETARGET
	npm ERR! notarget No matching version found for @azure/arm-policy@dev.
	npm ERR! notarget In most cases you or one of your dependencies are requesting
	npm ERR! notarget a package version that doesn't exist.
	System.Management.Automation.RemoteException
	npm ERR! A complete log of this run can be found in:
	npm ERR!     C:\Users\VssAdministrator\AppData\Roaming\npm-cache\_logs\2021-07-21T22_33_38_355Z-debug.log
Removed @azure/arm-resources@dev because of docs package validation failure on 2021-07-21 22:34 +00:00
	npm ERR! code ETARGET
	npm ERR! notarget No matching version found for @azure/arm-resources@dev.
	npm ERR! notarget In most cases you or one of your dependencies are requesting
	npm ERR! notarget a package version that doesn't exist.
	System.Management.Automation.RemoteException
	npm ERR! A complete log of this run can be found in:
	npm ERR!     C:\Users\VssAdministrator\AppData\Roaming\npm-cache\_logs\2021-07-21T22_33_40_873Z-debug.log
