Removed @azure/communication-phone-numbers@1.1.0-alpha.20210804.1 because of docs package validation failure on 2021-08-06 00:04 +00:00
	npm ERR! code ETARGET
	npm ERR! notarget No matching version found for @azure/core-lro@^2.2.0-alpha.
	npm ERR! notarget In most cases you or one of your dependencies are requesting
	npm ERR! notarget a package version that doesn't exist.
	npm ERR! notarget 
	npm ERR! notarget It was specified as a dependency of '@azure/communication-phone-numbers'
	npm ERR! notarget 
	System.Management.Automation.RemoteException
	npm ERR! A complete log of this run can be found in:
	npm ERR!     /home/vsts/.npm/_logs/2021-08-06T00_00_57_129Z-debug.log
Removed @azure/ai-form-recognizer@3.2.0-alpha.20210804.3 because of docs package validation failure on 2021-08-06 00:04 +00:00
	npm ERR! code ETARGET
	npm ERR! notarget No matching version found for @azure/core-lro@^2.2.0-alpha.
	npm ERR! notarget In most cases you or one of your dependencies are requesting
	npm ERR! notarget a package version that doesn't exist.
	npm ERR! notarget 
	npm ERR! notarget It was specified as a dependency of '@azure/ai-form-recognizer'
	npm ERR! notarget 
	System.Management.Automation.RemoteException
	npm ERR! A complete log of this run can be found in:
	npm ERR!     /home/vsts/.npm/_logs/2021-08-06T00_01_08_696Z-debug.log
Removed @azure/keyvault-certificates@4.3.1-alpha.20210805.3 because of docs package validation failure on 2021-08-06 00:04 +00:00
	npm ERR! code ETARGET
	npm ERR! notarget No matching version found for @azure/core-lro@^2.2.0-alpha.
	npm ERR! notarget In most cases you or one of your dependencies are requesting
	npm ERR! notarget a package version that doesn't exist.
	npm ERR! notarget 
	npm ERR! notarget It was specified as a dependency of '@azure/keyvault-certificates'
	npm ERR! notarget 
	System.Management.Automation.RemoteException
	npm ERR! A complete log of this run can be found in:
	npm ERR!     /home/vsts/.npm/_logs/2021-08-06T00_03_44_341Z-debug.log
Removed @azure/keyvault-secrets@4.3.1-alpha.20210804.1 because of docs package validation failure on 2021-08-06 00:04 +00:00
	npm ERR! code ETARGET
	npm ERR! notarget No matching version found for @azure/core-lro@^2.2.0-alpha.
	npm ERR! notarget In most cases you or one of your dependencies are requesting
	npm ERR! notarget a package version that doesn't exist.
	npm ERR! notarget 
	npm ERR! notarget It was specified as a dependency of '@azure/keyvault-secrets'
	npm ERR! notarget 
	System.Management.Automation.RemoteException
	npm ERR! A complete log of this run can be found in:
	npm ERR!     /home/vsts/.npm/_logs/2021-08-06T00_03_45_105Z-debug.log
Removed @azure/ai-metrics-advisor@1.0.1-alpha.20210804.1 because of docs package validation failure on 2021-08-06 00:04 +00:00
	npm ERR! code ETARGET
	npm ERR! notarget No matching version found for @azure/core-lro@^2.2.0-alpha.
	npm ERR! notarget In most cases you or one of your dependencies are requesting
	npm ERR! notarget a package version that doesn't exist.
	npm ERR! notarget 
	npm ERR! notarget It was specified as a dependency of '@azure/ai-metrics-advisor'
	npm ERR! notarget 
	System.Management.Automation.RemoteException
	npm ERR! A complete log of this run can be found in:
	npm ERR!     /home/vsts/.npm/_logs/2021-08-06T00_03_47_736Z-debug.log
